#
# There is insufficient memory for the Java Runtime Environment to continue.
# Native memory allocation (malloc) failed to allocate 1248736 bytes. Error detail: Chunk::new
# Possible reasons:
#   The system is out of physical RAM or swap space
#   This process is running with CompressedOops enabled, and the Java Heap may be blocking the growth of the native heap
# Possible solutions:
#   Reduce memory load on the system
#   Increase physical memory or swap space
#   Check if swap backing store is full
#   Decrease Java heap size (-Xmx/-Xms)
#   Decrease number of Java threads
#   Decrease Java thread stack sizes (-Xss)
#   Set larger code cache with -XX:ReservedCodeCacheSize=
#   JVM is running with Unscaled Compressed Oops mode in which the Java heap is
#     placed in the first 4GB address space. The Java Heap base address is the
#     maximum limit for the native heap growth. Please use -XX:HeapBaseMinAddress
#     to set the Java Heap base and to place the Java Heap above 4GB virtual address.
# This output file may be truncated or incomplete.
#
#  Out of Memory Error (arena.cpp:149), pid=24540, tid=30500
#
# JRE version: OpenJDK Runtime Environment (23.0+37) (build 23+37-2369)
# Java VM: OpenJDK 64-Bit Server VM (23+37-2369, mixed mode, sharing, tiered, compressed oops, compressed class ptrs, g1 gc, windows-amd64)
# No core dump will be written. Minidumps are not enabled by default on client versions of Windows
#

---------------  S U M M A R Y ------------

Command Line: -javaagent:C:\Program Files\JetBrains\IntelliJ IDEA Community Edition 2024.2.2\lib\idea_rt.jar=50258:C:\Program Files\JetBrains\IntelliJ IDEA Community Edition 2024.2.2\bin -Dfile.encoding=UTF-8 -Dsun.stdout.encoding=UTF-8 -Dsun.stderr.encoding=UTF-8 com.ecommerce.NotificationServiceApplication

Host: AMD Ryzen 5 3500U with Radeon Vega Mobile Gfx  , 8 cores, 5G,  Windows 11 , 64 bit Build 26100 (10.0.26100.8246)
Time: Sat May 16 19:44:02 2026 India Standard Time elapsed time: 26.347288 seconds (0d 0h 0m 26s)

---------------  T H R E A D  ---------------

Current thread (0x0000019dc1efaed0):  JavaThread "C2 CompilerThread2" daemon [_thread_in_native, id=30500, stack(0x00000071cf400000,0x00000071cf500000) (1024K)]


Current CompileTask:
C2:26348 4299       4       org.springframework.core.annotation.TypeMappedAnnotations$MergedAnnotationFinder::doWithAnnotations (10 bytes)

Stack: [0x00000071cf400000,0x00000071cf500000]
Native frames: (J=compiled Java code, j=interpreted, Vv=VM code, C=native code)
V  [jvm.dll+0x6e08a9]  (no source info available)
V  [jvm.dll+0x87da63]  (no source info available)
V  [jvm.dll+0x87feee]  (no source info available)
V  [jvm.dll+0x8805c3]  (no source info available)
V  [jvm.dll+0x27aee6]  (no source info available)
V  [jvm.dll+0xbc06f]  (no source info available)
V  [jvm.dll+0xbc2cb]  (no source info available)
V  [jvm.dll+0x2ee94d]  (no source info available)
V  [jvm.dll+0x6063c9]  (no source info available)
V  [jvm.dll+0x24ddf2]  (no source info available)
V  [jvm.dll+0x24e1d5]  (no source info available)
V  [jvm.dll+0x246b54]  (no source info available)
V  [jvm.dll+0x243d04]  (no source info available)
V  [jvm.dll+0x1c33a0]  (no source info available)
V  [jvm.dll+0x253cf1]  (no source info available)
V  [jvm.dll+0x251faa]  (no source info available)
V  [jvm.dll+0x3ee036]  (no source info available)
V  [jvm.dll+0x824f1b]  (no source info available)
V  [jvm.dll+0x6df055]  (no source info available)
C  [ucrtbase.dll+0x37b0]  (no source info available)
C  [KERNEL32.DLL+0x2e8d7]  (no source info available)
C  [ntdll.dll+0x8c3fc]  (no source info available)

Lock stack of current Java thread (top to bottom):


---------------  P R O C E S S  ---------------

Threads class SMR info:
_java_thread_list=0x0000019dc21f5740, length=16, elements={
0x0000019d69f0c540, 0x0000019d79b4e2d0, 0x0000019d79b4fc50, 0x0000019d79b534e0,
0x0000019d79b55f50, 0x0000019d79b569b0, 0x0000019d79b57410, 0x0000019d79b5a1b0,
0x0000019d79b61320, 0x0000019d79c7cb10, 0x0000019d79f0bf00, 0x0000019d79f0c590,
0x0000019d79f0ab50, 0x0000019d79f0b1e0, 0x0000019dc0477170, 0x0000019dc1efaed0
}

Java Threads: ( => current thread )
  0x0000019d69f0c540 JavaThread "main"                              [_thread_in_vm, id=7492, stack(0x00000071cd500000,0x00000071cd600000) (1024K)]
  0x0000019d79b4e2d0 JavaThread "Reference Handler"          daemon [_thread_blocked, id=32696, stack(0x00000071cdd00000,0x00000071cde00000) (1024K)]
  0x0000019d79b4fc50 JavaThread "Finalizer"                  daemon [_thread_blocked, id=30212, stack(0x00000071cde00000,0x00000071cdf00000) (1024K)]
  0x0000019d79b534e0 JavaThread "Signal Dispatcher"          daemon [_thread_blocked, id=21764, stack(0x00000071cdf00000,0x00000071ce000000) (1024K)]
  0x0000019d79b55f50 JavaThread "Attach Listener"            daemon [_thread_blocked, id=16760, stack(0x00000071ce000000,0x00000071ce100000) (1024K)]
  0x0000019d79b569b0 JavaThread "Service Thread"             daemon [_thread_blocked, id=15232, stack(0x00000071ce100000,0x00000071ce200000) (1024K)]
  0x0000019d79b57410 JavaThread "Monitor Deflation Thread"   daemon [_thread_blocked, id=25048, stack(0x00000071ce200000,0x00000071ce300000) (1024K)]
  0x0000019d79b5a1b0 JavaThread "C2 CompilerThread0"         daemon [_thread_in_native, id=25372, stack(0x00000071ce300000,0x00000071ce400000) (1024K)]
  0x0000019d79b61320 JavaThread "C1 CompilerThread0"         daemon [_thread_blocked, id=14248, stack(0x00000071ce400000,0x00000071ce500000) (1024K)]
  0x0000019d79c7cb10 JavaThread "Common-Cleaner"             daemon [_thread_blocked, id=21880, stack(0x00000071ce500000,0x00000071ce600000) (1024K)]
  0x0000019d79f0bf00 JavaThread "Monitor Ctrl-Break"         daemon [_thread_in_native, id=27816, stack(0x00000071ce600000,0x00000071ce700000) (1024K)]
  0x0000019d79f0c590 JavaThread "Notification Thread"        daemon [_thread_blocked, id=9856, stack(0x00000071ce700000,0x00000071ce800000) (1024K)]
  0x0000019d79f0ab50 JavaThread "Catalina-utility-1"                [_thread_blocked, id=30388, stack(0x00000071cef00000,0x00000071cf000000) (1024K)]
  0x0000019d79f0b1e0 JavaThread "Catalina-utility-2"                [_thread_blocked, id=1304, stack(0x00000071cf100000,0x00000071cf200000) (1024K)]
  0x0000019dc0477170 JavaThread "C2 CompilerThread1"         daemon [_thread_blocked, id=26296, stack(0x00000071cf300000,0x00000071cf400000) (1024K)]
=>0x0000019dc1efaed0 JavaThread "C2 CompilerThread2"         daemon [_thread_in_native, id=30500, stack(0x00000071cf400000,0x00000071cf500000) (1024K)]
Total: 16

Other Threads:
  0x0000019d79b32ad0 VMThread "VM Thread"                           [id=16112, stack(0x00000071cdc00000,0x00000071cdd00000) (1024K)]
  0x0000019d79b1baa0 WatcherThread "VM Periodic Task Thread"        [id=1168, stack(0x00000071cdb00000,0x00000071cdc00000) (1024K)]
  0x0000019d6c73f950 WorkerThread "GC Thread#0"                     [id=14804, stack(0x00000071cd600000,0x00000071cd700000) (1024K)]
  0x0000019dbf8dbf80 WorkerThread "GC Thread#1"                     [id=31656, stack(0x00000071ce800000,0x00000071ce900000) (1024K)]
  0x0000019dbf89ea20 WorkerThread "GC Thread#2"                     [id=24600, stack(0x00000071ce900000,0x00000071cea00000) (1024K)]
  0x0000019dbf89cdc0 WorkerThread "GC Thread#3"                     [id=28708, stack(0x00000071cea00000,0x00000071ceb00000) (1024K)]
  0x0000019dbf8a7c40 WorkerThread "GC Thread#4"                     [id=29500, stack(0x00000071ceb00000,0x00000071cec00000) (1024K)]
  0x0000019dbf8a90a0 WorkerThread "GC Thread#5"                     [id=1848, stack(0x00000071cec00000,0x00000071ced00000) (1024K)]
  0x0000019dbf8a9c60 WorkerThread "GC Thread#6"                     [id=3852, stack(0x00000071ced00000,0x00000071cee00000) (1024K)]
  0x0000019dbf8aa010 WorkerThread "GC Thread#7"                     [id=15796, stack(0x00000071cee00000,0x00000071cef00000) (1024K)]
  0x0000019d6c74f770 ConcurrentGCThread "G1 Main Marker"            [id=22568, stack(0x00000071cd700000,0x00000071cd800000) (1024K)]
  0x0000019d6c750280 WorkerThread "G1 Conc#0"                       [id=29712, stack(0x00000071cd800000,0x00000071cd900000) (1024K)]
  0x0000019dbfc74540 WorkerThread "G1 Conc#1"                       [id=6968, stack(0x00000071cf000000,0x00000071cf100000) (1024K)]
  0x0000019d799eb530 ConcurrentGCThread "G1 Refine#0"               [id=332, stack(0x00000071cd900000,0x00000071cda00000) (1024K)]
  0x0000019d799ec0b0 ConcurrentGCThread "G1 Service"                [id=19216, stack(0x00000071cda00000,0x00000071cdb00000) (1024K)]
Total: 15

Threads with active compile tasks:
C2 CompilerThread0  29112 4315       4       org.springframework.core.annotation.TypeMappedAnnotations$MergedAnnotationFinder::doWithAnnotations (75 bytes)
C2 CompilerThread2  29113 4299       4       org.springframework.core.annotation.TypeMappedAnnotations$MergedAnnotationFinder::doWithAnnotations (10 bytes)
Total: 2

VM state: not at safepoint (normal execution)

VM Mutex/Monitor currently owned by a thread:  ([mutex/lock_event])
[0x00007ff8b92c2490] MethodCompileQueue_lock - owner thread: 0x0000019d79b5a1b0
[0x00007ff8b92c3810] CodeCache_lock - owner thread: 0x0000019d79b5a1b0
[0x00007ff8b92c3990] Compile_lock - owner thread: 0x0000019d79b5a1b0

Heap address: 0x00000000a0e00000, size: 1522 MB, Compressed Oops mode: 32-bit

CDS archive(s) mapped at: [0x0000019d7a000000-0x0000019d7ad70000-0x0000019d7ad70000), size 14090240, SharedBaseAddress: 0x0000019d7a000000, ArchiveRelocationMode: 1.
Compressed class space mapped at: 0x0000019d7b000000-0x0000019dbb000000, reserved size: 1073741824
Narrow klass base: 0x0000019d7a000000, Narrow klass shift: 0, Narrow klass range: 0x41000000

GC Precious Log:
 CardTable entry size: 512
 Card Set container configuration: InlinePtr #cards 5 size 8 Array Of Cards #cards 10 size 36 Howl #buckets 4 coarsen threshold 1843 Howl Bitmap #cards 512 size 80 coarsen threshold 460 Card regions per heap region 1 cards per card region 2048
 CPUs: 8 total, 8 available
 Memory: 6086M
 Large Page Support: Disabled
 NUMA Support: Disabled
 Compressed Oops: Enabled (32-bit)
 Heap Region Size: 1M
 Heap Min Capacity: 8M
 Heap Initial Capacity: 96M
 Heap Max Capacity: 1522M
 Pre-touch: Disabled
 Parallel Workers: 8
 Concurrent Workers: 2
 Concurrent Refinement Workers: 8
 Periodic GC: Disabled

Heap:
 garbage-first heap   total reserved 1558528K, committed 40960K, used 29070K [0x00000000a0e00000, 0x0000000100000000)
  region size 1024K, 16 young (16384K), 3 survivors (3072K)
 Metaspace       used 31212K, committed 31808K, reserved 1114112K
  class space    used 4100K, committed 4352K, reserved 1048576K

Heap Regions: E=young(eden), S=young(survivor), O=old, HS=humongous(starts), HC=humongous(continues), CS=collection set, F=free, TAMS=top-at-mark-start, PB=parsable bottom
|   0|0x00000000a0e00000, 0x00000000a0f00000, 0x00000000a0f00000|100%| O|  |TAMS 0x00000000a0e00000| PB 0x00000000a0e00000| Untracked |  0
|   1|0x00000000a0f00000, 0x00000000a1000000, 0x00000000a1000000|100%| O|  |TAMS 0x00000000a0f00000| PB 0x00000000a0f00000| Untracked |  0
|   2|0x00000000a1000000, 0x00000000a1100000, 0x00000000a1100000|100%| O|  |TAMS 0x00000000a1000000| PB 0x00000000a1000000| Untracked |  0
|   3|0x00000000a1100000, 0x00000000a1200000, 0x00000000a1200000|100%| O|  |TAMS 0x00000000a1100000| PB 0x00000000a1100000| Untracked |  0
|   4|0x00000000a1200000, 0x00000000a1300000, 0x00000000a1300000|100%| O|  |TAMS 0x00000000a1200000| PB 0x00000000a1200000| Untracked |  0
|   5|0x00000000a1300000, 0x00000000a1300000, 0x00000000a1400000|  0%| F|  |TAMS 0x00000000a1300000| PB 0x00000000a1300000| Untracked |  0
|   6|0x00000000a1400000, 0x00000000a144c6c0, 0x00000000a1500000| 29%| O|  |TAMS 0x00000000a1400000| PB 0x00000000a1400000| Untracked |  0
|   7|0x00000000a1500000, 0x00000000a1600000, 0x00000000a1600000|100%| O|  |TAMS 0x00000000a1500000| PB 0x00000000a1500000| Untracked |  0
|   8|0x00000000a1600000, 0x00000000a1700000, 0x00000000a1700000|100%| O|  |TAMS 0x00000000a1600000| PB 0x00000000a1600000| Untracked |  0
|   9|0x00000000a1700000, 0x00000000a1800000, 0x00000000a1800000|100%| O|  |TAMS 0x00000000a1700000| PB 0x00000000a1700000| Untracked |  0
|  10|0x00000000a1800000, 0x00000000a1900000, 0x00000000a1900000|100%| O|  |TAMS 0x00000000a1800000| PB 0x00000000a1800000| Untracked |  0
|  11|0x00000000a1900000, 0x00000000a1a00000, 0x00000000a1a00000|100%| O|  |TAMS 0x00000000a1900000| PB 0x00000000a1900000| Untracked |  0
|  12|0x00000000a1a00000, 0x00000000a1b00000, 0x00000000a1b00000|100%| O|  |TAMS 0x00000000a1a00000| PB 0x00000000a1a00000| Untracked |  0
|  13|0x00000000a1b00000, 0x00000000a1b00000, 0x00000000a1c00000|  0%| F|  |TAMS 0x00000000a1b00000| PB 0x00000000a1b00000| Untracked |  0
|  14|0x00000000a1c00000, 0x00000000a1c00000, 0x00000000a1d00000|  0%| F|  |TAMS 0x00000000a1c00000| PB 0x00000000a1c00000| Untracked |  0
|  15|0x00000000a1d00000, 0x00000000a1d00000, 0x00000000a1e00000|  0%| F|  |TAMS 0x00000000a1d00000| PB 0x00000000a1d00000| Untracked |  0
|  16|0x00000000a1e00000, 0x00000000a1f00000, 0x00000000a1f00000|100%| O|  |TAMS 0x00000000a1e00000| PB 0x00000000a1e00000| Untracked |  0
|  17|0x00000000a1f00000, 0x00000000a2000000, 0x00000000a2000000|100%| O|  |TAMS 0x00000000a1f00000| PB 0x00000000a1f00000| Untracked |  0
|  18|0x00000000a2000000, 0x00000000a20cb9b8, 0x00000000a2100000| 79%| O|  |TAMS 0x00000000a2000000| PB 0x00000000a2000000| Untracked |  0
|  19|0x00000000a2100000, 0x00000000a2100000, 0x00000000a2200000|  0%| F|  |TAMS 0x00000000a2100000| PB 0x00000000a2100000| Untracked |  0
|  20|0x00000000a2200000, 0x00000000a2200000, 0x00000000a2300000|  0%| F|  |TAMS 0x00000000a2200000| PB 0x00000000a2200000| Untracked |  0
|  21|0x00000000a2300000, 0x00000000a234ba40, 0x00000000a2400000| 29%| S|CS|TAMS 0x00000000a2300000| PB 0x00000000a2300000| Complete |  0
|  22|0x00000000a2400000, 0x00000000a2500000, 0x00000000a2500000|100%| S|CS|TAMS 0x00000000a2400000| PB 0x00000000a2400000| Complete |  0
|  23|0x00000000a2500000, 0x00000000a2600000, 0x00000000a2600000|100%| S|CS|TAMS 0x00000000a2500000| PB 0x00000000a2500000| Complete |  0
|  24|0x00000000a2600000, 0x00000000a2600000, 0x00000000a2700000|  0%| F|  |TAMS 0x00000000a2600000| PB 0x00000000a2600000| Untracked |  0
|  25|0x00000000a2700000, 0x00000000a2700000, 0x00000000a2800000|  0%| F|  |TAMS 0x00000000a2700000| PB 0x00000000a2700000| Untracked |  0
|  26|0x00000000a2800000, 0x00000000a2800000, 0x00000000a2900000|  0%| F|  |TAMS 0x00000000a2800000| PB 0x00000000a2800000| Untracked |  0
|  27|0x00000000a2900000, 0x00000000a299b318, 0x00000000a2a00000| 60%| E|  |TAMS 0x00000000a2900000| PB 0x00000000a2900000| Complete |  0
|  28|0x00000000a2a00000, 0x00000000a2b00000, 0x00000000a2b00000|100%| E|CS|TAMS 0x00000000a2a00000| PB 0x00000000a2a00000| Complete |  0
|  29|0x00000000a2b00000, 0x00000000a2c00000, 0x00000000a2c00000|100%| E|CS|TAMS 0x00000000a2b00000| PB 0x00000000a2b00000| Complete |  0
|  30|0x00000000a2c00000, 0x00000000a2d00000, 0x00000000a2d00000|100%| E|CS|TAMS 0x00000000a2c00000| PB 0x00000000a2c00000| Complete |  0
|  31|0x00000000a2d00000, 0x00000000a2e00000, 0x00000000a2e00000|100%| E|CS|TAMS 0x00000000a2d00000| PB 0x00000000a2d00000| Complete |  0
|  32|0x00000000a2e00000, 0x00000000a2f00000, 0x00000000a2f00000|100%| E|CS|TAMS 0x00000000a2e00000| PB 0x00000000a2e00000| Complete |  0
|  33|0x00000000a2f00000, 0x00000000a3000000, 0x00000000a3000000|100%| E|CS|TAMS 0x00000000a2f00000| PB 0x00000000a2f00000| Complete |  0
|  43|0x00000000a3900000, 0x00000000a3a00000, 0x00000000a3a00000|100%| E|CS|TAMS 0x00000000a3900000| PB 0x00000000a3900000| Complete |  0
|  44|0x00000000a3a00000, 0x00000000a3b00000, 0x00000000a3b00000|100%| E|CS|TAMS 0x00000000a3a00000| PB 0x00000000a3a00000| Complete |  0
|  45|0x00000000a3b00000, 0x00000000a3c00000, 0x00000000a3c00000|100%| E|CS|TAMS 0x00000000a3b00000| PB 0x00000000a3b00000| Complete |  0
|  46|0x00000000a3c00000, 0x00000000a3d00000, 0x00000000a3d00000|100%| E|CS|TAMS 0x00000000a3c00000| PB 0x00000000a3c00000| Complete |  0
|  47|0x00000000a3d00000, 0x00000000a3e00000, 0x00000000a3e00000|100%| E|CS|TAMS 0x00000000a3d00000| PB 0x00000000a3d00000| Complete |  0
|  95|0x00000000a6d00000, 0x00000000a6e00000, 0x00000000a6e00000|100%| E|CS|TAMS 0x00000000a6d00000| PB 0x00000000a6d00000| Complete |  0

Card table byte_map: [0x0000019d75650000,0x0000019d75950000] _byte_map_base: 0x0000019d75149000

Marking Bits: (CMBitMap*) 0x0000019d6c740060
 Bits: [0x0000019d75950000, 0x0000019d77118000)

Polling page: 0x0000019d6a110000

Metaspace:

Usage:
  Non-class:     26.48 MB used.
      Class:      4.01 MB used.
       Both:     30.48 MB used.

Virtual space:
  Non-class space:       64.00 MB reserved,      26.81 MB ( 42%) committed,  1 nodes.
      Class space:        1.00 GB reserved,       4.25 MB ( <1%) committed,  1 nodes.
             Both:        1.06 GB reserved,      31.06 MB (  3%) committed. 

Chunk freelists:
   Non-Class:  5.20 MB
       Class:  11.72 MB
        Both:  16.92 MB

MaxMetaspaceSize: unlimited
CompressedClassSpaceSize: 1.00 GB
Initial GC threshold: 21.00 MB
Current GC threshold: 35.12 MB
CDS: on
 - commit_granule_bytes: 65536.
 - commit_granule_words: 8192.
 - virtual_space_node_default_size: 8388608.
 - enlarge_chunks_in_place: 1.
 - use_allocation_guard: 0.


Internal statistics:

num_allocs_failed_limit: 5.
num_arena_births: 778.
num_arena_deaths: 0.
num_vsnodes_births: 2.
num_vsnodes_deaths: 0.
num_space_committed: 497.
num_space_uncommitted: 0.
num_chunks_returned_to_freelist: 5.
num_chunks_taken_from_freelist: 1928.
num_chunk_merges: 5.
num_chunk_splits: 1286.
num_chunks_enlarged: 898.
num_inconsistent_stats: 0.

CodeHeap 'non-profiled nmethods': size=120064Kb used=1790Kb max_used=1790Kb free=118273Kb
 bounds [0x0000019d07ac0000, 0x0000019d07d30000, 0x0000019d0f000000]
CodeHeap 'profiled nmethods': size=120000Kb used=7118Kb max_used=7118Kb free=112881Kb
 bounds [0x0000019d00000000, 0x0000019d00700000, 0x0000019d07530000]
CodeHeap 'non-nmethods': size=5696Kb used=1483Kb max_used=1526Kb free=4213Kb
 bounds [0x0000019d07530000, 0x0000019d077a0000, 0x0000019d07ac0000]
CodeCache: size=245760Kb, used=10391Kb, max_used=10434Kb, free=235367Kb
 total_blobs=5072, nmethods=4498, adapters=479, full_count=0
Compilation: enabled, stopped_count=0, restarted_count=0

Compilation events (20 events):
Event: 25.294 Thread 0x0000019d79b61320 nmethod 4391 0x0000019d006c9888 code [0x0000019d006c9aa0, 0x0000019d006ca448]
Event: 25.295 Thread 0x0000019d79b61320 4392       3       java.lang.invoke.Invokers::cachedInvoker (7 bytes)
Event: 25.296 Thread 0x0000019d79b61320 nmethod 4392 0x0000019d006ca508 code [0x0000019d006ca620, 0x0000019d006ca758]
Event: 25.312 Thread 0x0000019d79b61320 4393       3       org.springframework.beans.factory.support.AbstractAutowireCapableBeanFactory::applyBeanPostProcessorsAfterInitialization (61 bytes)
Event: 25.313 Thread 0x0000019d79b61320 nmethod 4393 0x0000019d006ca808 code [0x0000019d006ca980, 0x0000019d006cb060]
Event: 25.315 Thread 0x0000019d79b61320 4394       3       java.lang.Class::copyConstructors (38 bytes)
Event: 25.316 Thread 0x0000019d79b61320 nmethod 4394 0x0000019d006cb088 code [0x0000019d006cb280, 0x0000019d006cbdc0]
Event: 25.316 Thread 0x0000019d79b61320 4396       3       org.springframework.beans.factory.support.AbstractAutowireCapableBeanFactory::applyBeanPostProcessorsBeforeInitialization (61 bytes)
Event: 25.317 Thread 0x0000019d79b61320 nmethod 4396 0x0000019d006cbe88 code [0x0000019d006cc000, 0x0000019d006cc6e0]
Event: 25.317 Thread 0x0000019d79b61320 4397       3       sun.reflect.generics.visitor.Reifier::reifyTypeArguments (38 bytes)
Event: 25.318 Thread 0x0000019d79b61320 nmethod 4397 0x0000019d006cc708 code [0x0000019d006cc840, 0x0000019d006ccd18]
Event: 25.322 Thread 0x0000019d79b61320 4398       3       java.lang.Class::getTypeParameters (19 bytes)
Event: 25.323 Thread 0x0000019d79b61320 nmethod 4398 0x0000019d006ccd88 code [0x0000019d006ccf00, 0x0000019d006cd490]
Event: 25.325 Thread 0x0000019d79b61320 4399       3       java.lang.invoke.LambdaFormBuffer::clearDuplicatesAndNulls (268 bytes)
Event: 25.327 Thread 0x0000019d79b61320 nmethod 4399 0x0000019d006cd508 code [0x0000019d006cd720, 0x0000019d006ce720]
Event: 25.327 Thread 0x0000019d79b61320 4401       3       java.lang.invoke.LambdaFormBuffer::endEdit (313 bytes)
Event: 25.329 Thread 0x0000019d79b61320 nmethod 4401 0x0000019d006ce788 code [0x0000019d006ce960, 0x0000019d006cf668]
Event: 25.329 Thread 0x0000019d79b61320 4400       3       java.lang.invoke.LambdaFormEditor::buffer (12 bytes)
Event: 25.329 Thread 0x0000019d79b61320 nmethod 4400 0x0000019d006cf708 code [0x0000019d006cf820, 0x0000019d006cf9d8]
Event: 25.329 Thread 0x0000019d79b61320 4402   !   3       java.util.AbstractList$Itr::next (46 bytes)

GC Heap History (10 events):
Event: 6.133 GC heap before
{Heap before GC invocations=0 (full 0):
 garbage-first heap   total reserved 1558528K, committed 98304K, used 23552K [0x00000000a0e00000, 0x0000000100000000)
  region size 1024K, 24 young (24576K), 0 survivors (0K)
 Metaspace       used 7399K, committed 7616K, reserved 1114112K
  class space    used 925K, committed 1024K, reserved 1048576K
}
Event: 6.182 GC heap after
{Heap after GC invocations=1 (full 0):
 garbage-first heap   total reserved 1558528K, committed 98304K, used 5760K [0x00000000a0e00000, 0x0000000100000000)
  region size 1024K, 3 young (3072K), 3 survivors (3072K)
 Metaspace       used 7399K, committed 7616K, reserved 1114112K
  class space    used 925K, committed 1024K, reserved 1048576K
}
Event: 9.276 GC heap before
{Heap before GC invocations=1 (full 0):
 garbage-first heap   total reserved 1558528K, committed 98304K, used 25216K [0x00000000a0e00000, 0x0000000100000000)
  region size 1024K, 23 young (23552K), 3 survivors (3072K)
 Metaspace       used 12776K, committed 13184K, reserved 1114112K
  class space    used 1675K, committed 1856K, reserved 1048576K
}
Event: 9.286 GC heap after
{Heap after GC invocations=2 (full 0):
 garbage-first heap   total reserved 1558528K, committed 98304K, used 8961K [0x00000000a0e00000, 0x0000000100000000)
  region size 1024K, 2 young (2048K), 2 survivors (2048K)
 Metaspace       used 12776K, committed 13184K, reserved 1114112K
  class space    used 1675K, committed 1856K, reserved 1048576K
}
Event: 14.090 GC heap before
{Heap before GC invocations=2 (full 0):
 garbage-first heap   total reserved 1558528K, committed 98304K, used 52993K [0x00000000a0e00000, 0x0000000100000000)
  region size 1024K, 47 young (48128K), 2 survivors (2048K)
 Metaspace       used 21181K, committed 21504K, reserved 1114112K
  class space    used 2666K, committed 2816K, reserved 1048576K
}
Event: 14.105 GC heap after
{Heap after GC invocations=3 (full 0):
 garbage-first heap   total reserved 1558528K, committed 98304K, used 11559K [0x00000000a0e00000, 0x0000000100000000)
  region size 1024K, 5 young (5120K), 5 survivors (5120K)
 Metaspace       used 21181K, committed 21504K, reserved 1114112K
  class space    used 2666K, committed 2816K, reserved 1048576K
}
Event: 20.158 GC heap before
{Heap before GC invocations=4 (full 0):
 garbage-first heap   total reserved 1558528K, committed 40960K, used 31015K [0x00000000a0e00000, 0x0000000100000000)
  region size 1024K, 24 young (24576K), 5 survivors (5120K)
 Metaspace       used 25994K, committed 26368K, reserved 1114112K
  class space    used 3313K, committed 3456K, reserved 1048576K
}
Event: 20.183 GC heap after
{Heap after GC invocations=5 (full 0):
 garbage-first heap   total reserved 1558528K, committed 40960K, used 14461K [0x00000000a0e00000, 0x0000000100000000)
  region size 1024K, 3 young (3072K), 3 survivors (3072K)
 Metaspace       used 25994K, committed 26368K, reserved 1114112K
  class space    used 3313K, committed 3456K, reserved 1048576K
}
Event: 24.337 GC heap before
{Heap before GC invocations=5 (full 0):
 garbage-first heap   total reserved 1558528K, committed 40960K, used 30845K [0x00000000a0e00000, 0x0000000100000000)
  region size 1024K, 19 young (19456K), 3 survivors (3072K)
 Metaspace       used 28918K, committed 29440K, reserved 1114112K
  class space    used 3733K, committed 3968K, reserved 1048576K
}
Event: 24.346 GC heap after
{Heap after GC invocations=6 (full 0):
 garbage-first heap   total reserved 1558528K, committed 40960K, used 16782K [0x00000000a0e00000, 0x0000000100000000)
  region size 1024K, 3 young (3072K), 3 survivors (3072K)
 Metaspace       used 28918K, committed 29440K, reserved 1114112K
  class space    used 3733K, committed 3968K, reserved 1048576K
}

Dll operation events (13 events):
Event: 0.099 Loaded shared library C:\Users\sivakrishna\.jdks\openjdk-23\bin\java.dll
Event: 0.309 Loaded shared library C:\Users\sivakrishna\.jdks\openjdk-23\bin\jsvml.dll
Event: 1.028 Loaded shared library C:\Users\sivakrishna\.jdks\openjdk-23\bin\zip.dll
Event: 1.055 Loaded shared library C:\Users\sivakrishna\.jdks\openjdk-23\bin\instrument.dll
Event: 1.131 Loaded shared library C:\Users\sivakrishna\.jdks\openjdk-23\bin\net.dll
Event: 1.179 Loaded shared library C:\Users\sivakrishna\.jdks\openjdk-23\bin\nio.dll
Event: 1.204 Loaded shared library C:\Users\sivakrishna\.jdks\openjdk-23\bin\zip.dll
Event: 2.724 Loaded shared library C:\Program Files\JetBrains\IntelliJ IDEA Community Edition 2024.2.2\bin\breakgen64.dll
Event: 3.002 Loaded shared library C:\Users\sivakrishna\.jdks\openjdk-23\bin\extnet.dll
Event: 3.423 Loaded shared library C:\Users\sivakrishna\.jdks\openjdk-23\bin\jimage.dll
Event: 16.792 Loaded shared library C:\Users\sivakrishna\.jdks\openjdk-23\bin\sunmscapi.dll
Event: 19.351 Loaded shared library C:\Users\sivakrishna\.jdks\openjdk-23\bin\management.dll
Event: 19.424 Loaded shared library C:\Users\sivakrishna\.jdks\openjdk-23\bin\management_ext.dll

Deoptimization events (20 events):
Event: 23.865 Thread 0x0000019d69f0c540 Uncommon trap: trap_request=0xffffff45 fr.pc=0x0000019d07c37740 relative=0x0000000000004b00
Event: 23.865 Thread 0x0000019d69f0c540 Uncommon trap: reason=unstable_if action=reinterpret pc=0x0000019d07c37740 method=org.springframework.core.annotation.TypeMappedAnnotations.scan(Ljava/lang/Object;Lorg/springframework/core/annotation/AnnotationsProcessor;)Ljava/lang/Object; @ 4 c2
Event: 23.866 Thread 0x0000019d69f0c540 DEOPT PACKING pc=0x0000019d07c37740 sp=0x00000071cd5fe4e0
Event: 23.866 Thread 0x0000019d69f0c540 DEOPT UNPACKING pc=0x0000019d07584402 sp=0x00000071cd5fe490 mode 2
Event: 24.382 Thread 0x0000019d69f0c540 Uncommon trap: trap_request=0xffffff45 fr.pc=0x0000019d07bc3d98 relative=0x0000000000003058
Event: 24.382 Thread 0x0000019d69f0c540 Uncommon trap: reason=unstable_if action=reinterpret pc=0x0000019d07bc3d98 method=java.net.URL.<init>(Ljava/net/URL;Ljava/lang/String;Ljava/net/URLStreamHandler;)V @ 30 c2
Event: 24.382 Thread 0x0000019d69f0c540 DEOPT PACKING pc=0x0000019d07bc3d98 sp=0x00000071cd5fde10
Event: 24.382 Thread 0x0000019d69f0c540 DEOPT UNPACKING pc=0x0000019d07584402 sp=0x00000071cd5fddd0 mode 2
Event: 24.731 Thread 0x0000019d69f0c540 Uncommon trap: trap_request=0xffffff45 fr.pc=0x0000019d07c05d7c relative=0x000000000000025c
Event: 24.731 Thread 0x0000019d69f0c540 Uncommon trap: reason=unstable_if action=reinterpret pc=0x0000019d07c05d7c method=org.springframework.beans.factory.support.DefaultSingletonBeanRegistry.getSingleton(Ljava/lang/String;Z)Ljava/lang/Object; @ 39 c2
Event: 24.731 Thread 0x0000019d69f0c540 DEOPT PACKING pc=0x0000019d07c05d7c sp=0x00000071cd5fd8f0
Event: 24.731 Thread 0x0000019d69f0c540 DEOPT UNPACKING pc=0x0000019d07584402 sp=0x00000071cd5fd890 mode 2
Event: 24.731 Thread 0x0000019d69f0c540 Uncommon trap: trap_request=0xffffff45 fr.pc=0x0000019d07b7a140 relative=0x0000000000001160
Event: 24.731 Thread 0x0000019d69f0c540 Uncommon trap: reason=unstable_if action=reinterpret pc=0x0000019d07b7a140 method=java.util.concurrent.ConcurrentHashMap.putVal(Ljava/lang/Object;Ljava/lang/Object;Z)Ljava/lang/Object; @ 148 c2
Event: 24.731 Thread 0x0000019d69f0c540 DEOPT PACKING pc=0x0000019d07b7a140 sp=0x00000071cd5fd6d0
Event: 24.731 Thread 0x0000019d69f0c540 DEOPT UNPACKING pc=0x0000019d07584402 sp=0x00000071cd5fd650 mode 2
Event: 25.012 Thread 0x0000019d69f0c540 Uncommon trap: trap_request=0xffffff45 fr.pc=0x0000019d07c0f5cc relative=0x000000000000022c
Event: 25.012 Thread 0x0000019d69f0c540 Uncommon trap: reason=unstable_if action=reinterpret pc=0x0000019d07c0f5cc method=jdk.internal.org.objectweb.asm.Frame.push(I)V @ 26 c2
Event: 25.012 Thread 0x0000019d69f0c540 DEOPT PACKING pc=0x0000019d07c0f5cc sp=0x00000071cd5fda90
Event: 25.012 Thread 0x0000019d69f0c540 DEOPT UNPACKING pc=0x0000019d07584402 sp=0x00000071cd5fda38 mode 2

Classes loaded (20 events):
Event: 22.553 Loading class java/io/StringWriter
Event: 22.553 Loading class java/io/StringWriter done
Event: 23.289 Loading class java/util/ArrayList$ListItr
Event: 23.289 Loading class java/util/ArrayList$ListItr done
Event: 23.542 Loading class java/util/regex/PatternSyntaxException
Event: 23.542 Loading class java/util/regex/PatternSyntaxException done
Event: 23.597 Loading class java/util/Comparators$NullComparator
Event: 23.598 Loading class java/util/Comparators$NullComparator done
Event: 23.916 Loading class sun/reflect/generics/tree/BooleanSignature
Event: 23.917 Loading class sun/reflect/generics/tree/BooleanSignature done
Event: 24.105 Loading class java/util/EnumMap$EntrySet
Event: 24.106 Loading class java/util/EnumMap$EntrySet done
Event: 24.106 Loading class java/util/EnumMap$EntryIterator
Event: 24.106 Loading class java/util/EnumMap$EnumMapIterator
Event: 24.106 Loading class java/util/EnumMap$EnumMapIterator done
Event: 24.106 Loading class java/util/EnumMap$EntryIterator done
Event: 24.113 Loading class java/lang/SafeVarargs
Event: 24.114 Loading class java/lang/SafeVarargs done
Event: 24.431 Loading class java/util/concurrent/CancellationException
Event: 24.432 Loading class java/util/concurrent/CancellationException done

Classes unloaded (0 events):
No events

Classes redefined (0 events):
No events

Internal exceptions (20 events):
Event: 14.721 Thread 0x0000019d69f0c540 Exception <a 'java/lang/NoSuchMethodError'{0x00000000a2bc8798}: 'java.lang.Object java.lang.invoke.DirectMethodHandle$Holder.invokeVirtual(java.lang.Object, java.lang.Object, java.lang.Object, java.lang.Object, java.lang.Object, java.lang.Object)'> (0x00000000a2bc8798) 
thrown [s\open\src\hotspot\share\interpreter\linkResolver.cpp, line 796]
Event: 15.081 Thread 0x0000019d69f0c540 Exception <a 'java/lang/NoSuchMethodError'{0x00000000a296a678}: 'void java.lang.invoke.DirectMethodHandle$Holder.invokeInterface(java.lang.Object, java.lang.Object, int)'> (0x00000000a296a678) 
thrown [s\open\src\hotspot\share\interpreter\linkResolver.cpp, line 796]
Event: 15.120 Thread 0x0000019d69f0c540 Exception <a 'java/lang/IncompatibleClassChangeError'{0x00000000a29ad190}: Found class java.lang.Object, but interface was expected> (0x00000000a29ad190) 
thrown [s\open\src\hotspot\share\interpreter\linkResolver.cpp, line 863]
Event: 15.157 Thread 0x0000019d69f0c540 Exception <a 'java/lang/NoSuchMethodError'{0x00000000a29bb5f0}: 'int java.lang.invoke.DirectMethodHandle$Holder.invokeSpecialIFC(java.lang.Object, java.lang.Object, java.lang.Object)'> (0x00000000a29bb5f0) 
thrown [s\open\src\hotspot\share\interpreter\linkResolver.cpp, line 796]
Event: 15.236 Thread 0x0000019d69f0c540 Exception <a 'java/lang/NoSuchMethodError'{0x00000000a29fc810}: 'void java.lang.invoke.DirectMethodHandle$Holder.invokeStatic(java.lang.Object, java.lang.Object, java.lang.Object, int, java.lang.Object)'> (0x00000000a29fc810) 
thrown [s\open\src\hotspot\share\interpreter\linkResolver.cpp, line 796]
Event: 15.238 Thread 0x0000019d69f0c540 Exception <a 'java/lang/NoSuchMethodError'{0x00000000a2835b30}: 'java.lang.Object java.lang.invoke.DirectMethodHandle$Holder.newInvokeSpecial(java.lang.Object, java.lang.Object, java.lang.Object, int)'> (0x00000000a2835b30) 
thrown [s\open\src\hotspot\share\interpreter\linkResolver.cpp, line 796]
Event: 15.239 Thread 0x0000019d69f0c540 Exception <a 'java/lang/NoSuchMethodError'{0x00000000a2839948}: 'java.lang.Object java.lang.invoke.DirectMethodHandle$Holder.invokeSpecial(java.lang.Object, java.lang.Object, java.lang.Object, java.lang.Object, int)'> (0x00000000a2839948) 
thrown [s\open\src\hotspot\share\interpreter\linkResolver.cpp, line 796]
Event: 15.240 Thread 0x0000019d69f0c540 Exception <a 'java/lang/NoSuchMethodError'{0x00000000a283cde8}: 'java.lang.Object java.lang.invoke.Invokers$Holder.linkToTargetMethod(java.lang.Object, java.lang.Object, int, java.lang.Object)'> (0x00000000a283cde8) 
thrown [s\open\src\hotspot\share\interpreter\linkResolver.cpp, line 796]
Event: 17.713 Thread 0x0000019d69f0c540 Exception <a 'java/lang/NoSuchMethodError'{0x00000000a2320100}: 'java.lang.Object java.lang.invoke.DirectMethodHandle$Holder.invokeStaticInit(java.lang.Object, java.lang.Object, int, int, int, int)'> (0x00000000a2320100) 
thrown [s\open\src\hotspot\share\interpreter\linkResolver.cpp, line 796]
Event: 18.980 Thread 0x0000019d69f0c540 Exception <a 'java/lang/NoSuchMethodError'{0x00000000a1f2b670}: 'int java.lang.invoke.DirectMethodHandle$Holder.invokeVirtual(java.lang.Object, java.lang.Object, java.lang.Object, java.lang.Object)'> (0x00000000a1f2b670) 
thrown [s\open\src\hotspot\share\interpreter\linkResolver.cpp, line 796]
Event: 18.981 Thread 0x0000019d69f0c540 Exception <a 'java/lang/NoSuchMethodError'{0x00000000a1f2ef08}: 'int java.lang.invoke.DelegatingMethodHandle$Holder.reinvoke_L(java.lang.Object, java.lang.Object, java.lang.Object, java.lang.Object)'> (0x00000000a1f2ef08) 
thrown [s\open\src\hotspot\share\interpreter\linkResolver.cpp, line 796]
Event: 19.659 Thread 0x0000019d69f0c540 Exception <a 'java/io/FileNotFoundException'{0x00000000a1e2d568}> (0x00000000a1e2d568) 
thrown [s\open\src\hotspot\share\prims\jni.cpp, line 520]
Event: 20.555 Thread 0x0000019d69f0c540 Exception <a 'java/lang/NoSuchMethodError'{0x00000000a3d101f0}: 'int java.lang.invoke.DirectMethodHandle$Holder.invokeInterface(java.lang.Object, java.lang.Object, java.lang.Object, java.lang.Object)'> (0x00000000a3d101f0) 
thrown [s\open\src\hotspot\share\interpreter\linkResolver.cpp, line 796]
Event: 21.191 Thread 0x0000019d69f0c540 Exception <a 'java/lang/NoSuchMethodError'{0x00000000a3cce1c8}: 'long java.lang.invoke.DirectMethodHandle$Holder.invokeVirtual(java.lang.Object, java.lang.Object)'> (0x00000000a3cce1c8) 
thrown [s\open\src\hotspot\share\interpreter\linkResolver.cpp, line 796]
Event: 21.447 Thread 0x0000019d69f0c540 Exception <a 'java/lang/NoSuchMethodError'{0x00000000a3bf5940}: 'void java.lang.invoke.DirectMethodHandle$Holder.invokeVirtual(java.lang.Object, java.lang.Object, long)'> (0x00000000a3bf5940) 
thrown [s\open\src\hotspot\share\interpreter\linkResolver.cpp, line 796]
Event: 21.650 Thread 0x0000019d69f0c540 Exception <a 'java/lang/NoSuchMethodError'{0x00000000a3a82330}: 'void java.lang.invoke.Invokers$Holder.invokeExact_MT(java.lang.Object, java.lang.Object, java.lang.Object, java.lang.Object)'> (0x00000000a3a82330) 
thrown [s\open\src\hotspot\share\interpreter\linkResolver.cpp, line 796]
Event: 22.839 Thread 0x0000019d69f0c540 Exception <a 'java/lang/NoSuchMethodError'{0x00000000a2d722b0}: 'java.lang.Object java.lang.invoke.DirectMethodHandle$Holder.newInvokeSpecial(java.lang.Object, java.lang.Object, java.lang.Object, java.lang.Object, java.lang.Object, java.lang.Object, java.lang.Object, java.lang.Object)'> (0x00000000a2d722b0) 
thrown [s\open\src\hotspot\share\interpreter\linkResolver.cpp, line 796]
Event: 24.261 Thread 0x0000019d69f0c540 Exception <a 'java/lang/IncompatibleClassChangeError'{0x00000000a267d0d8}: Found class java.lang.Object, but interface was expected> (0x00000000a267d0d8) 
thrown [s\open\src\hotspot\share\interpreter\linkResolver.cpp, line 863]
Event: 24.705 Thread 0x0000019d69f0c540 Exception <a 'java/lang/NoSuchMethodError'{0x00000000a3cbda68}: 'int java.lang.invoke.DirectMethodHandle$Holder.invokeStaticInit(java.lang.Object, java.lang.Object, java.lang.Object, java.lang.Object)'> (0x00000000a3cbda68) 
thrown [s\open\src\hotspot\share\interpreter\linkResolver.cpp, line 796]
Event: 25.018 Thread 0x0000019d69f0c540 Exception <a 'java/lang/NoSuchMethodError'{0x00000000a390b1f0}: 'java.lang.Object java.lang.invoke.DelegatingMethodHandle$Holder.reinvoke_L(java.lang.Object, java.lang.Object, java.lang.Object, java.lang.Object, java.lang.Object, java.lang.Object, java.lang.Object, java.lang.Object, java.lang.Object, java.lang.Object, java.lang.Object, java.lang.Object, java.lang.Object)'> (0x00000000a390b1f0) 
thrown [s\open\src\hotspot\share\interpreter\linkResolver.cpp, line 796]

VM Operations (20 events):
Event: 20.198 Executing VM operation: HandshakeAllThreads (Deoptimize)
Event: 20.198 Executing VM operation: HandshakeAllThreads (Deoptimize) done
Event: 20.783 Executing VM operation: HandshakeAllThreads (Deoptimize)
Event: 20.783 Executing VM operation: HandshakeAllThreads (Deoptimize) done
Event: 21.272 Executing VM operation: HandshakeAllThreads (Deoptimize)
Event: 21.273 Executing VM operation: HandshakeAllThreads (Deoptimize) done
Event: 23.295 Executing VM operation: HandshakeAllThreads (Deoptimize)
Event: 23.295 Executing VM operation: HandshakeAllThreads (Deoptimize) done
Event: 23.443 Executing VM operation: HandshakeAllThreads (Deoptimize)
Event: 23.443 Executing VM operation: HandshakeAllThreads (Deoptimize) done
Event: 23.505 Executing VM operation: HandshakeAllThreads (Deoptimize)
Event: 23.505 Executing VM operation: HandshakeAllThreads (Deoptimize) done
Event: 23.765 Executing VM operation: HandshakeAllThreads (Deoptimize)
Event: 23.765 Executing VM operation: HandshakeAllThreads (Deoptimize) done
Event: 24.320 Executing VM operation: HandshakeAllThreads (Deoptimize)
Event: 24.320 Executing VM operation: HandshakeAllThreads (Deoptimize) done
Event: 24.337 Executing VM operation: G1CollectForAllocation (G1 Evacuation Pause)
Event: 24.346 Executing VM operation: G1CollectForAllocation (G1 Evacuation Pause) done
Event: 24.578 Executing VM operation: HandshakeAllThreads (Deoptimize)
Event: 24.579 Executing VM operation: HandshakeAllThreads (Deoptimize) done

Memory protections (0 events):
No events

Nmethod flushes (0 events):
No events

Events (20 events):
Event: 0.300 Thread 0x0000019d69f0c540 Thread added: 0x0000019d79b5a1b0
Event: 0.301 Thread 0x0000019d69f0c540 Thread added: 0x0000019d79b61320
Event: 0.920 Thread 0x0000019d69f0c540 Thread added: 0x0000019d79c7cb10
Event: 2.728 Thread 0x0000019d69f0c540 Thread added: 0x0000019d79f0bf00
Event: 2.729 Thread 0x0000019d69f0c540 Thread added: 0x0000019d79f0c590
Event: 7.011 Thread 0x0000019d69f0c540 Thread added: 0x0000019d79f09110
Event: 9.392 Thread 0x0000019d69f0c540 Thread added: 0x0000019d79f0b870
Event: 9.820 Thread 0x0000019d79f0b870 Thread exited: 0x0000019d79f0b870
Event: 17.157 Thread 0x0000019d79f09110 Thread exited: 0x0000019d79f09110
Event: 20.679 Thread 0x0000019d79b5a1b0 Thread added: 0x0000019d79b18ea0
Event: 21.278 Thread 0x0000019d79b18ea0 Thread exited: 0x0000019d79b18ea0
Event: 21.323 Thread 0x0000019d69f0c540 Thread added: 0x0000019d79f0ab50
Event: 21.333 Thread 0x0000019d69f0c540 Thread added: 0x0000019d79f0b1e0
Event: 21.361 Thread 0x0000019d69f0c540 Thread added: 0x0000019d79f09e30
Event: 21.414 Thread 0x0000019d79b61320 Thread added: 0x0000019dc0477170
Event: 21.933 Thread 0x0000019dc0477170 Thread exited: 0x0000019dc0477170
Event: 22.401 Thread 0x0000019d79b61320 Thread added: 0x0000019dc0477170
Event: 22.873 Thread 0x0000019dc0477170 Thread exited: 0x0000019dc0477170
Event: 23.149 Thread 0x0000019d79b61320 Thread added: 0x0000019dc0477170
Event: 24.119 Thread 0x0000019d79b61320 Thread added: 0x0000019dc1efaed0


Dynamic libraries:
0x00007ff66f810000 - 0x00007ff66f81e000 	C:\Users\sivakrishna\.jdks\openjdk-23\bin\java.exe
0x00007ff93cd20000 - 0x00007ff93cf87000 	C:\WINDOWS\SYSTEM32\ntdll.dll
0x00007ff910cb0000 - 0x00007ff910cd1000 	C:\Program Files\AVG\Antivirus\aswhook.dll
0x00007ff93c3c0000 - 0x00007ff93c489000 	C:\WINDOWS\System32\KERNEL32.DLL
0x00007ff93a390000 - 0x00007ff93a784000 	C:\WINDOWS\System32\KERNELBASE.dll
0x00007ff9395f0000 - 0x00007ff93973b000 	C:\WINDOWS\System32\ucrtbase.dll
0x00007ff934ad0000 - 0x00007ff934ae7000 	C:\Users\sivakrishna\.jdks\openjdk-23\bin\jli.dll
0x00007ff93bc80000 - 0x00007ff93be45000 	C:\WINDOWS\System32\USER32.dll
0x00007ff93a790000 - 0x00007ff93a7b7000 	C:\WINDOWS\System32\win32u.dll
0x00007ff93acb0000 - 0x00007ff93acdb000 	C:\WINDOWS\System32\GDI32.dll
0x00007ff93a060000 - 0x00007ff93a18b000 	C:\WINDOWS\System32\gdi32full.dll
0x00007ff93a190000 - 0x00007ff93a233000 	C:\WINDOWS\System32\msvcp_win.dll
0x00007ff933a90000 - 0x00007ff933aab000 	C:\Users\sivakrishna\.jdks\openjdk-23\bin\VCRUNTIME140.dll
0x00007ff921d20000 - 0x00007ff921fb3000 	C:\WINDOWS\WinSxS\amd64_microsoft.windows.common-controls_6595b64144ccf1df_6.0.26100.8115_none_3e075c82e3354f9c\COMCTL32.dll
0x00007ff93c6a0000 - 0x00007ff93c749000 	C:\WINDOWS\System32\msvcrt.dll
0x00007ff93c550000 - 0x00007ff93c582000 	C:\WINDOWS\System32\IMM32.DLL
0x00007ff8f8d90000 - 0x00007ff8f8eb8000 	C:\Program Files (x86)\Citrix\ICA Client\epclient64.dll
0x00007ff932cb0000 - 0x00007ff932cbb000 	C:\WINDOWS\SYSTEM32\VERSION.dll
0x00007ff93c490000 - 0x00007ff93c546000 	C:\WINDOWS\System32\ADVAPI32.dll
0x00007ff93b010000 - 0x00007ff93b0b7000 	C:\WINDOWS\System32\sechost.dll
0x00007ff93ace0000 - 0x00007ff93adf8000 	C:\WINDOWS\System32\RPCRT4.dll
0x00007ff9384a0000 - 0x00007ff9384d6000 	C:\WINDOWS\SYSTEM32\ntmarta.dll
0x00007ff929bc0000 - 0x00007ff929bcc000 	C:\Users\sivakrishna\.jdks\openjdk-23\bin\vcruntime140_1.dll
0x00007ff8e6c30000 - 0x00007ff8e6cbe000 	C:\Users\sivakrishna\.jdks\openjdk-23\bin\msvcp140.dll
0x00007ff8b8650000 - 0x00007ff8b939f000 	C:\Users\sivakrishna\.jdks\openjdk-23\bin\server\jvm.dll
0x00007ff93ba10000 - 0x00007ff93ba90000 	C:\WINDOWS\System32\WS2_32.dll
0x00007ff939450000 - 0x00007ff9394ae000 	C:\WINDOWS\SYSTEM32\POWRPROF.dll
0x00007ff932c70000 - 0x00007ff932ca6000 	C:\WINDOWS\SYSTEM32\WINMM.dll
0x00007ff939430000 - 0x00007ff939444000 	C:\WINDOWS\SYSTEM32\UMPDC.dll
0x00007ff938380000 - 0x00007ff93839b000 	C:\WINDOWS\SYSTEM32\kernel.appcore.dll
0x00007ff929bb0000 - 0x00007ff929bba000 	C:\Users\sivakrishna\.jdks\openjdk-23\bin\jimage.dll
0x00007ff9373b0000 - 0x00007ff9375f2000 	C:\WINDOWS\SYSTEM32\DBGHELP.DLL
0x0000019d6bb00000 - 0x0000019d6be82000 	C:\WINDOWS\System32\combase.dll
0x00007ff93c1e0000 - 0x00007ff93c2b8000 	C:\WINDOWS\System32\OLEAUT32.dll
0x00007ff92d690000 - 0x00007ff92d6cb000 	C:\WINDOWS\SYSTEM32\dbgcore.DLL
0x00007ff939fb0000 - 0x00007ff93a055000 	C:\WINDOWS\System32\bcryptPrimitives.dll
0x00007ff929b60000 - 0x00007ff929b6f000 	C:\Users\sivakrishna\.jdks\openjdk-23\bin\instrument.dll
0x00007ff929b40000 - 0x00007ff929b5e000 	C:\Users\sivakrishna\.jdks\openjdk-23\bin\java.dll
0x00007ff93ae00000 - 0x00007ff93af97000 	C:\WINDOWS\System32\ole32.dll
0x00007ff93b220000 - 0x00007ff93b987000 	C:\WINDOWS\System32\SHELL32.dll
0x0000019d6bff0000 - 0x0000019d6c15a000 	C:\WINDOWS\System32\wintypes.dll
0x00007ff939740000 - 0x00007ff939fa8000 	C:\WINDOWS\System32\windows.storage.dll
0x00007ff93ab70000 - 0x00007ff93ac68000 	C:\WINDOWS\System32\SHCORE.dll
0x00007ff93afa0000 - 0x00007ff93b006000 	C:\WINDOWS\System32\shlwapi.dll
0x00007ff939510000 - 0x00007ff939539000 	C:\WINDOWS\SYSTEM32\profapi.dll
0x00007ff8e6ab0000 - 0x00007ff8e6b87000 	C:\Users\sivakrishna\.jdks\openjdk-23\bin\jsvml.dll
0x00007ff929730000 - 0x00007ff929747000 	C:\Users\sivakrishna\.jdks\openjdk-23\bin\zip.dll
0x00007ff929720000 - 0x00007ff929730000 	C:\Users\sivakrishna\.jdks\openjdk-23\bin\net.dll
0x00007ff9388f0000 - 0x00007ff93895c000 	C:\WINDOWS\system32\mswsock.dll
0x00007ff929670000 - 0x00007ff929686000 	C:\Users\sivakrishna\.jdks\openjdk-23\bin\nio.dll
0x00007ff8f8050000 - 0x00007ff8f806a000 	C:\Program Files\JetBrains\IntelliJ IDEA Community Edition 2024.2.2\bin\breakgen64.dll
0x00007ff9295c0000 - 0x00007ff9295c9000 	C:\Users\sivakrishna\.jdks\openjdk-23\bin\extnet.dll
0x00007ff938bd0000 - 0x00007ff938beb000 	C:\WINDOWS\SYSTEM32\CRYPTSP.dll
0x00007ff9382c0000 - 0x00007ff9382f9000 	C:\WINDOWS\system32\rsaenh.dll
0x00007ff9389a0000 - 0x00007ff9389d3000 	C:\WINDOWS\SYSTEM32\USERENV.dll
0x00007ff9394e0000 - 0x00007ff93950a000 	C:\WINDOWS\SYSTEM32\bcrypt.dll
0x00007ff938bf0000 - 0x00007ff938bfc000 	C:\WINDOWS\SYSTEM32\CRYPTBASE.dll
0x00007ff937d80000 - 0x00007ff937db2000 	C:\WINDOWS\SYSTEM32\IPHLPAPI.DLL
0x00007ff93c690000 - 0x00007ff93c69a000 	C:\WINDOWS\System32\NSI.dll
0x00007ff8f2010000 - 0x00007ff8f201e000 	C:\Users\sivakrishna\.jdks\openjdk-23\bin\sunmscapi.dll
0x00007ff93a930000 - 0x00007ff93aaa7000 	C:\WINDOWS\System32\CRYPT32.dll
0x00007ff938df0000 - 0x00007ff938e20000 	C:\WINDOWS\SYSTEM32\ncrypt.dll
0x00007ff938da0000 - 0x00007ff938ddf000 	C:\WINDOWS\SYSTEM32\NTASN1.dll
0x00007ff8f4fe0000 - 0x00007ff8f4fea000 	C:\Users\sivakrishna\.jdks\openjdk-23\bin\management.dll
0x00007ff8f31a0000 - 0x00007ff8f31ab000 	C:\Users\sivakrishna\.jdks\openjdk-23\bin\management_ext.dll
0x00007ff93ccd0000 - 0x00007ff93ccd8000 	C:\WINDOWS\System32\PSAPI.DLL

dbghelp: loaded successfully - version: 4.0.5 - missing functions: none
symbol engine: initialized successfully - sym options: 0x614 - pdb path: .;C:\Users\sivakrishna\.jdks\openjdk-23\bin;C:\WINDOWS\SYSTEM32;C:\Program Files\AVG\Antivirus;C:\WINDOWS\WinSxS\amd64_microsoft.windows.common-controls_6595b64144ccf1df_6.0.26100.8115_none_3e075c82e3354f9c;C:\Program Files (x86)\Citrix\ICA Client;C:\Users\sivakrishna\.jdks\openjdk-23\bin\server;C:\Program Files\JetBrains\IntelliJ IDEA Community Edition 2024.2.2\bin

VM Arguments:
jvm_args: -javaagent:C:\Program Files\JetBrains\IntelliJ IDEA Community Edition 2024.2.2\lib\idea_rt.jar=50258:C:\Program Files\JetBrains\IntelliJ IDEA Community Edition 2024.2.2\bin -Dfile.encoding=UTF-8 -Dsun.stdout.encoding=UTF-8 -Dsun.stderr.encoding=UTF-8 
java_command: com.ecommerce.NotificationServiceApplication
java_class_path (initial): C:\Users\sivakrishna\OneDrive\Desktop\Ecommerce\Microservices\notification-service\target\classes;C:\Users\sivakrishna\.m2\repository\org\springframework\boot\spring-boot-starter-web\3.5.14\spring-boot-starter-web-3.5.14.jar;C:\Users\sivakrishna\.m2\repository\org\springframework\boot\spring-boot-starter\3.5.14\spring-boot-starter-3.5.14.jar;C:\Users\sivakrishna\.m2\repository\org\springframework\boot\spring-boot\3.5.14\spring-boot-3.5.14.jar;C:\Users\sivakrishna\.m2\repository\org\springframework\boot\spring-boot-autoconfigure\3.5.14\spring-boot-autoconfigure-3.5.14.jar;C:\Users\sivakrishna\.m2\repository\org\springframework\boot\spring-boot-starter-logging\3.5.14\spring-boot-starter-logging-3.5.14.jar;C:\Users\sivakrishna\.m2\repository\org\apache\logging\log4j\log4j-to-slf4j\2.24.3\log4j-to-slf4j-2.24.3.jar;C:\Users\sivakrishna\.m2\repository\org\apache\logging\log4j\log4j-api\2.24.3\log4j-api-2.24.3.jar;C:\Users\sivakrishna\.m2\repository\org\slf4j\jul-to-slf4j\2.0.17\jul-to-slf4j-2.0.17.jar;C:\Users\sivakrishna\.m2\repository\jakarta\annotation\jakarta.annotation-api\2.1.1\jakarta.annotation-api-2.1.1.jar;C:\Users\sivakrishna\.m2\repository\org\yaml\snakeyaml\2.4\snakeyaml-2.4.jar;C:\Users\sivakrishna\.m2\repository\org\springframework\boot\spring-boot-starter-json\3.5.14\spring-boot-starter-json-3.5.14.jar;C:\Users\sivakrishna\.m2\repository\com\fasterxml\jackson\core\jackson-databind\2.21.2\jackson-databind-2.21.2.jar;C:\Users\sivakrishna\.m2\repository\com\fasterxml\jackson\core\jackson-annotations\2.21\jackson-annotations-2.21.jar;C:\Users\sivakrishna\.m2\repository\com\fasterxml\jackson\core\jackson-core\2.21.2\jackson-core-2.21.2.jar;C:\Users\sivakrishna\.m2\repository\com\fasterxml\jackson\datatype\jackson-datatype-jdk8\2.21.2\jackson-datatype-jdk8-2.21.2.jar;C:\Users\sivakrishna\.m2\repository\com\fasterxml\jackson\datatype\jackson-datatype-jsr310\2.21.2\jackson-datatype-jsr310-2.21.2.jar;C:\Users\sivakrishna\.m2\repository\com\fasterxml\jackson\module\jackson-module-parameter-names\2.21.2\jackson-module-parameter-names-2.21.2.jar;C:\Users\sivakrishna\.m2\repository\org\springframework\boot\spring-boot-starter-tomcat\3.5.14\spring-boot-starter-tomcat-3.5.14.jar;C:\Users\sivakrishna\.m2\repository\org\apache\tomcat\embed\tomcat-embed-core\10.1.54\tomcat-embed-core-10.1.54.jar;C:\Users\sivakrishna\.m2\repository\org\apache\tomcat\embed\tomcat-embed-el\10.1.54\tomcat-embed-el-10.1.54.jar;C:\Users\sivakrishna\.m2\repository\org\apache\tomcat\embed\tomcat-embed-websocket\10.1.54\tomcat-embed-websocket-10.1.54.jar;C:\Users\sivakrishna\.m2\repository\org\springframework\spring-web\6.2.18\spring-web-6.2.18.jar;C:\Users\sivakrishna\.m2\repository\org\springframework\spring-beans\6.2.18\spring-beans-6.2.18.jar;C:\Users\sivakrishna\.m2\repository\org\springframework\spring-webmvc\6.2.18\spring-webmvc-6.2.18.jar;C:\Users\sivakrishna\.m2\repository\org\springframework\spring-aop\6.2.18\spring-aop-6.2.18.jar;C:\Users\sivakrishna\.m2\repository\org\springframework\spring-expression\6.2.18\spring-expression-6.2.18.jar;C:\Users\sivakrishna\.m2\repository\org\springframework\kafka\spring-kafka\3.3.15\spring-kafka-3.3.15.jar;C:\Users\sivakrishna\.m2\repository\org\springframework\spring-context\6.2.18\spring-context-6.2.18.jar;C:\Users\sivakrishna\.m2\repository\org\springframework\spring-messaging\6.2.18\spring-messaging-6.2.18.jar;C:\Users\sivakrishna\.m2\repository\org\springframework\spring-tx\6.2.18\spring-tx-6.2.18.jar;C:\Users\sivakrishna\.m2\repository\org\springframework\retry\spring-retry\2.0.12\spring-retry-2.0.12.jar;C:\Users\sivakrishna\.m2\repository\org\apache\kafka\kafka-clients\3.9.2\kafka-clients-3.9.2.jar;C:\Users\sivakrishna\.m2\repository\com\github\luben\zstd-jni\1.5.6-4\zstd-jni-1.5.6-4.jar;C:\Users\sivakrishna\.m2\repository\at\yawk\lz4\lz4-java\1.10.1\lz4-java-1.10.1.jar;C:\Users\sivakrishna\.m2\repository\org\xerial\snappy\snappy-java\1.1.10.5\snappy-java-1.1.10.5.jar;C:\Users\sivakrishna\.m2\repository\org\slf4j\slf4j-api\2.0.17\slf4j-api-2.0.17.jar;C:\Users\sivakrishna\.m2\repository\io\micrometer\micrometer-observation\1.15.11\micrometer-observation-1.15.11.jar;C:\Users\sivakrishna\.m2\repository\io\micrometer\micrometer-commons\1.15.11\micrometer-commons-1.15.11.jar;C:\Users\sivakrishna\.m2\repository\org\projectlombok\lombok\1.18.46\lombok-1.18.46.jar;C:\Users\sivakrishna\.m2\repository\org\springframework\spring-core\6.2.18\spring-core-6.2.18.jar;C:\Users\sivakrishna\.m2\repository\org\springframework\spring-jcl\6.2.18\spring-jcl-6.2.18.jar;C:\Users\sivakrishna\.m2\repository\ch\qos\logback\logback-core\1.5.32\logback-core-1.5.32.jar;C:\Users\sivakrishna\.m2\repository\ch\qos\logback\logback-classic\1.5.32\logback-classic-1.5.32.jar
Launcher Type: SUN_STANDARD

[Global flags]
     intx CICompilerCount                          = 4                                         {product} {ergonomic}
     uint ConcGCThreads                            = 2                                         {product} {ergonomic}
     uint G1ConcRefinementThreads                  = 8                                         {product} {ergonomic}
   size_t G1HeapRegionSize                         = 1048576                                   {product} {ergonomic}
   size_t InitialHeapSize                          = 100663296                                 {product} {ergonomic}
   size_t MarkStackSize                            = 4194304                                   {product} {ergonomic}
   size_t MarkStackSizeMax                         = 536870912                                 {product} {ergonomic}
   size_t MaxHeapSize                              = 1595932672                                {product} {ergonomic}
   size_t MaxNewSize                               = 957349888                                 {product} {ergonomic}
   size_t MinHeapDeltaBytes                        = 1048576                                   {product} {ergonomic}
   size_t MinHeapSize                              = 8388608                                   {product} {ergonomic}
    uintx NonNMethodCodeHeapSize                   = 5832704                                {pd product} {ergonomic}
    uintx NonProfiledCodeHeapSize                  = 122945536                              {pd product} {ergonomic}
    uintx ProfiledCodeHeapSize                     = 122880000                              {pd product} {ergonomic}
    uintx ReservedCodeCacheSize                    = 251658240                              {pd product} {ergonomic}
     bool SegmentedCodeCache                       = true                                      {product} {ergonomic}
   size_t SoftMaxHeapSize                          = 1595932672                             {manageable} {ergonomic}
     bool UseCompressedOops                        = true                           {product lp64_product} {ergonomic}
     bool UseG1GC                                  = true                                      {product} {ergonomic}
     bool UseLargePagesIndividualAllocation        = false                                  {pd product} {ergonomic}

Logging:
Log output configuration:
 #0: stdout all=warning uptime,level,tags foldmultilines=false
 #1: stderr all=off uptime,level,tags foldmultilines=false

Environment Variables:
JAVA_HOME=C:\Program Files\Java\jdk-21.0.10
PATH=C:\Program Files\Java\jdk-21.0.10\bin;C:\app\sivakrishna\product\18.0.0\dbhomeXE\bin;C:\Program Files (x86)\Common Files\Oracle\Java\javapath;C:\app\sivakrishna\product\21c\dbhomeXE\bin;C:\oraclexe\app\oracle\product\11.2.0\server\bin;C:\Program Files\Common Files\Oracle\Java\javapath;C:\Program Files\Python310\Scripts\;C:\Program Files\Python310\;C:\WINDOWS\system32;C:\WINDOWS;C:\WINDOWS\System32\Wbem;C:\WINDOWS\System32\WindowsPowerShell\v1.0\;C:\WINDOWS\System32\OpenSSH\;C:\Users\sivakrishna\PycharmProjects\untitled\venv\Scripts;C:\Users\sivakrishna\PycharmProjects;C:\Users\sivakrishna\.PyCharmCE2019.3;C:\msys64\mingw64\bin;C:\Program Files\MySQL\MySQL Server 8.0\bin;C:\Program Files\Amazon\AWSCLIV2\;C:\Program Files\Apache\apache-maven-3.9.9\bin;C:\WINDOWS\system32;C:\WINDOWS;C:\WINDOWS\System32\Wbem;C:\WINDOWS\System32\WindowsPowerShell\v1.0\;C:\WINDOWS\System32\OpenSSH\;C:\Program Files\nodejs\;C:\Program Files\Docker\Docker\resources\bin;C:\Program Files\Git\cmd;C:\ProgramData\chocolatey\bin;C:\Users\sivakrishna\scoop\shims;C:\Users\sivakrishna\.console-ninja\.bin;C:\Program Files\MySQL\MySQL Shell 8.0\bin\;C:\Users\sivakrishna\AppData\Local\Programs\Python\Python36\Scripts\;C:\Users\sivakrishna\AppData\Local\Programs\Python\Python36\;C:\Users\sivakrishna\AppData\Local\Microsoft\WindowsApps;C:\Program Files\JetBrains\PyCharm Community Edition 2019.3.1\bin;C:\Users\sivakrishna\AppData\Local\atom\bin;C:\Users\sivakrishna\AppData\Local\Programs\Microsoft VS Code\bin;C:\Program Files\JetBrains\IntelliJ IDEA Community Edition 2022.3.1\bin;C:\Program Files\MongoDB\Server\7.0\bin;C:\mongosh-1.10.5-win32-x64\mongosh-1.10.5-win32-x64\bin;;C:\Users\sivakrishna\AppData\Local\Microsoft\WindowsApps;C:\Users\sivakrishna\AppData\Roaming\npm
USERNAME=sivakrishna
OS=Windows_NT
PROCESSOR_IDENTIFIER=AMD64 Family 23 Model 24 Stepping 1, AuthenticAMD
TMP=C:\Users\SIVAKR~1\AppData\Local\Temp
TEMP=C:\Users\SIVAKR~1\AppData\Local\Temp




Periodic native trim disabled

---------------  S Y S T E M  ---------------

OS:
 Windows 11 , 64 bit Build 26100 (10.0.26100.8246)
OS uptime: 1 days 2:33 hours
Hyper-V role detected

CPU: total 8 (initial active 8) (8 cores per cpu, 2 threads per core) family 23 model 24 stepping 1 microcode 0x8108109, cx8, cmov, fxsr, ht, mmx, 3dnowpref, sse, sse2, sse3, ssse3, sse4a, sse4.1, sse4.2, popcnt, lzcnt, tsc, tscinvbit, avx, avx2, aes, clmul, bmi1, bmi2, adx, sha, fma, vzeroupper, clflush, clflushopt, hv, rdtscp, f16c
Processor Information for the first 8 processors :
  Max Mhz: 2100, Current Mhz: 2100, Mhz Limit: 2100

Memory: 4k page, system-wide physical 6086M (1139M free)
TotalPageFile size 24518M (AvailPageFile size 184M)
current process WorkingSet (physical memory assigned to process): 169M, peak: 180M
current process commit charge ("private bytes"): 219M, peak: 232M

vm_info: OpenJDK 64-Bit Server VM (23+37-2369) for windows-amd64 JRE (23+37-2369), built on 2024-08-20T16:01:23Z with MS VC++ 17.6 (VS2022)

END.
